Building DAG of jobs...
Using shell: /usr/bin/bash
Provided cores: 1 (use --cores to define parallelism)
Rules claiming more threads will be scaled down.
Job stats:
job          count
---------  -------
all              1
get_data         2
plot_data        3
total            6

Select jobs to execute...

[Thu Oct 12 17:15:20 2023]
rule get_data:
    input: Agrofood_co2_emission.csv
    output: Albania.txt
    jobid: 2
    reason: Missing output files: Albania.txt
    wildcards: x=Albania
    resources: tmpdir=/tmp

[Thu Oct 12 17:15:20 2023]
Finished job 2.
1 of 6 steps (17%) done
Select jobs to execute...

[Thu Oct 12 17:15:20 2023]
rule get_data:
    input: Agrofood_co2_emission.csv
    output: Canada.txt
    jobid: 7
    reason: Missing output files: Canada.txt
    wildcards: x=Canada
    resources: tmpdir=/tmp

[Thu Oct 12 17:15:20 2023]
Finished job 7.
2 of 6 steps (33%) done
Select jobs to execute...

[Thu Oct 12 17:15:20 2023]
rule plot_data:
    input: Canada.txt
    output: Canada.png
    jobid: 6
    reason: Missing output files: Canada.png; Input files updated by another job: Canada.txt
    wildcards: w=Canada
    resources: tmpdir=/tmp

[Thu Oct 12 17:15:21 2023]
Finished job 6.
3 of 6 steps (50%) done
Select jobs to execute...

[Thu Oct 12 17:15:21 2023]
rule plot_data:
    input: Albania.txt
    output: Albania.png
    jobid: 1
    reason: Missing output files: Albania.png; Input files updated by another job: Albania.txt
    wildcards: w=Albania
    resources: tmpdir=/tmp

[Thu Oct 12 17:15:22 2023]
Finished job 1.
4 of 6 steps (67%) done
Select jobs to execute...

[Thu Oct 12 17:15:22 2023]
rule plot_data:
    input: Italy.txt
    output: Italy.png
    jobid: 4
    reason: Missing output files: Italy.png
    wildcards: w=Italy
    resources: tmpdir=/tmp

[Thu Oct 12 17:15:22 2023]
Finished job 4.
5 of 6 steps (83%) done
Select jobs to execute...

[Thu Oct 12 17:15:22 2023]
localrule all:
    input: Albania.png, Italy.png, Canada.png
    jobid: 0
    reason: Input files updated by another job: Albania.png, Italy.png, Canada.png
    resources: tmpdir=/tmp

[Thu Oct 12 17:15:22 2023]
Finished job 0.
6 of 6 steps (100%) done
Complete log: .snakemake/log/2023-10-12T171519.680154.snakemake.log
